  File "/home/ubuntu/margin/git_auto_push.py", line 7
    return process.stdout
IndentationError: unexpected indent
An error occurred while pushing changes: fatal: not a git repository (or any of the parent directories): .git

Changes pushed successfully on 2023-11-11.
An error occurred while pushing changes: 
An error occurred while pushing changes: To github.com:sk18sept/margin.git
 ! [rejected]        main -> main (fetch first)
error: failed to push some refs to 'github.com:sk18sept/margin.git'
hint: Updates were rejected because the remote contains work that you do
hint: not have locally. This is usually caused by another repository pushing
hint: to the same ref. You may want to first integrate the remote changes
hint: (e.g., 'git pull ...') before pushing again.
hint: See the 'Note about fast-forwards' in 'git push --help' for details.

An error occurred while pushing changes: To github.com:sk18sept/margin.git
 ! [rejected]        main -> main (fetch first)
error: failed to push some refs to 'github.com:sk18sept/margin.git'
hint: Updates were rejected because the remote contains work that you do
hint: not have locally. This is usually caused by another repository pushing
hint: to the same ref. You may want to first integrate the remote changes
hint: (e.g., 'git pull ...') before pushing again.
hint: See the 'Note about fast-forwards' in 'git push --help' for details.

An error occurred while pushing changes: 
Changes pushed successfully on 2023-11-16.
Changes pushed successfully on 2023-11-17.
Changes pushed successfully on 2023-11-18.
Changes pushed successfully on 2023-11-19.
Changes pushed successfully on 2023-11-20.
Changes pushed successfully on 2023-11-21.
Changes pushed successfully on 2023-11-22.
An error occurred while pushing changes: To github.com:sk18sept/margin.git
 ! [rejected]        main -> main (non-fast-forward)
error: failed to push some refs to 'github.com:sk18sept/margin.git'
hint: Updates were rejected because the tip of your current branch is behind
hint: its remote counterpart. Integrate the remote changes (e.g.
hint: 'git pull ...') before pushing again.
hint: See the 'Note about fast-forwards' in 'git push --help' for details.

Changes pushed successfully on 2023-11-24.
Changes pushed successfully on 2023-11-25.
Changes pushed successfully on 2023-11-26.
Changes pushed successfully on 2023-11-27.
Changes pushed successfully on 2023-11-28.
Changes pushed successfully on 2023-11-29.
Changes pushed successfully on 2023-11-30.
Changes pushed successfully on 2023-12-01.
Changes pushed successfully on 2023-12-02.
Changes pushed successfully on 2023-12-03.
Changes pushed successfully on 2023-12-04.
Changes pushed successfully on 2023-12-05.
Changes pushed successfully on 2023-12-06.
Changes pushed successfully on 2023-12-07.
Changes pushed successfully on 2023-12-08.
Changes pushed successfully on 2023-12-09.
